# JRE version: Java(TM) SE Runtime Environment (8.0_45-b14) (build 1.8.0_45-b14)
# Java VM: Java HotSpot(TM) 64-Bit Server VM (25.45-b02 mixed mode bsd-amd64 compressed oops)
Heap:
 PSYoungGen      total 132608K, used 39569K [0x00000007b5580000, 0x00000007bff80000, 0x00000007c0000000)
  eden space 91136K, 35% used [0x00000007b5580000,0x00000007b7520618,0x00000007bae80000)
  from space 41472K, 17% used [0x00000007bd700000,0x00000007bde03f80,0x00000007bff80000)
  to   space 41472K, 0% used [0x00000007bae80000,0x00000007bae80000,0x00000007bd700000)
 ParOldGen       total 349696K, used 114599K [0x00000007a0000000, 0x00000007b5580000, 0x00000007b5580000)
  object space 349696K, 32% used [0x00000007a0000000,0x00000007a6fe9ff8,0x00000007b5580000)
 Metaspace       used 92132K, capacity 100226K, committed 125248K, reserved 1148928K
  class space    used 12651K, capacity 14178K, committed 25088K, reserved 1048576K
GC Heap History (10 events):
Event: 166.352 GC heap before
{Heap before GC invocations=83 (full 5):
 PSYoungGen      total 119808K, used 94650K [0x00000007b5580000, 0x00000007bfb80000, 0x00000007c0000000)
  eden space 72704K, 100% used [0x00000007b5580000,0x00000007b9c80000,0x00000007b9c80000)
  from space 47104K, 46% used [0x00000007b9c80000,0x00000007bb1eeb88,0x00000007bca80000)
  to   space 45056K, 0% used [0x00000007bcf80000,0x00000007bcf80000,0x00000007bfb80000)
 ParOldGen       total 349696K, used 84282K [0x00000007a0000000, 0x00000007b5580000, 0x00000007b5580000)
  object space 349696K, 24% used [0x00000007a0000000,0x00000007a524e8b0,0x00000007b5580000)
 Metaspace       used 85833K, capacity 93636K, committed 125248K, reserved 1148928K
  class space    used 11895K, capacity 13333K, committed 25088K, reserved 1048576K
Event: 166.375 GC heap after
Heap after GC invocations=83 (full 5):
 PSYoungGen      total 125440K, used 18358K [0x00000007b5580000, 0x00000007bfa00000, 0x00000007c0000000)
  eden space 81920K, 0% used [0x00000007b5580000,0x00000007b5580000,0x00000007ba580000)
  from space 43520K, 42% used [0x00000007bcf80000,0x00000007be16db38,0x00000007bfa00000)
  to   space 43008K, 0% used [0x00000007ba580000,0x00000007ba580000,0x00000007bcf80000)
 ParOldGen       total 349696K, used 94275K [0x00000007a0000000, 0x00000007b5580000, 0x00000007b5580000)
  object space 349696K, 26% used [0x00000007a0000000,0x00000007a5c10df0,0x00000007b5580000)
 Metaspace       used 85833K, capacity 93636K, committed 125248K, reserved 1148928K
  class space    used 11895K, capacity 13333K, committed 25088K, reserved 1048576K
}
Event: 680.929 GC heap before
{Heap before GC invocations=84 (full 5):
 PSYoungGen      total 125440K, used 100278K [0x00000007b5580000, 0x00000007bfa00000, 0x00000007c0000000)
  eden space 81920K, 100% used [0x00000007b5580000,0x00000007ba580000,0x00000007ba580000)
  from space 43520K, 42% used [0x00000007bcf80000,0x00000007be16db38,0x00000007bfa00000)
  to   space 43008K, 0% used [0x00000007ba580000,0x00000007ba580000,0x00000007bcf80000)
 ParOldGen       total 349696K, used 94275K [0x00000007a0000000, 0x00000007b5580000, 0x00000007b5580000)
  object space 349696K, 26% used [0x00000007a0000000,0x00000007a5c10df0,0x00000007b5580000)
 Metaspace       used 86003K, capacity 93868K, committed 125248K, reserved 1148928K
  class space    used 11905K, capacity 13349K, committed 25088K, reserved 1048576K
Event: 681.070 GC heap after
Heap after GC invocations=84 (full 5):
 PSYoungGen      total 124928K, used 19142K [0x00000007b5580000, 0x00000007bfb80000, 0x00000007c0000000)
  eden space 81920K, 0% used [0x00000007b5580000,0x00000007b5580000,0x00000007ba580000)
  from space 43008K, 44% used [0x00000007ba580000,0x00000007bb831be8,0x00000007bcf80000)
  to   space 40960K, 0% used [0x00000007bd380000,0x00000007bd380000,0x00000007bfb80000)
 ParOldGen       total 349696K, used 98559K [0x00000007a0000000, 0x00000007b5580000, 0x00000007b5580000)
  object space 349696K, 28% used [0x00000007a0000000,0x00000007a603ff20,0x00000007b5580000)
 Metaspace       used 86003K, capacity 93868K, committed 125248K, reserved 1148928K
  class space    used 11905K, capacity 13349K, committed 25088K, reserved 1048576K
}
Event: 681.540 GC heap before
{Heap before GC invocations=85 (full 5):
 PSYoungGen      total 124928K, used 101062K [0x00000007b5580000, 0x00000007bfb80000, 0x00000007c0000000)
  eden space 81920K, 100% used [0x00000007b5580000,0x00000007ba580000,0x00000007ba580000)
  from space 43008K, 44% used [0x00000007ba580000,0x00000007bb831be8,0x00000007bcf80000)
  to   space 40960K, 0% used [0x00000007bd380000,0x00000007bd380000,0x00000007bfb80000)
 ParOldGen       total 349696K, used 98559K [0x00000007a0000000, 0x00000007b5580000, 0x00000007b5580000)
  object space 349696K, 28% used [0x00000007a0000000,0x00000007a603ff20,0x00000007b5580000)
 Metaspace       used 86005K, capacity 93868K, committed 125248K, reserved 1148928K
  class space    used 11905K, capacity 13349K, committed 25088K, reserved 1048576K
Event: 681.576 GC heap after
Heap after GC invocations=85 (full 5):
 PSYoungGen      total 128512K, used 7016K [0x00000007b5580000, 0x00000007bff00000, 0x00000007c0000000)
  eden space 87552K, 0% used [0x00000007b5580000,0x00000007b5580000,0x00000007bab00000)
  from space 40960K, 17% used [0x00000007bd380000,0x00000007bda5a0b0,0x00000007bfb80000)
  to   space 41472K, 0% used [0x00000007bab00000,0x00000007bab00000,0x00000007bd380000)
 ParOldGen       total 349696K, used 109120K [0x00000007a0000000, 0x00000007b5580000, 0x00000007b5580000)
  object space 349696K, 31% used [0x00000007a0000000,0x00000007a6a903c8,0x00000007b5580000)
 Metaspace       used 86005K, capacity 93868K, committed 125248K, reserved 1148928K
  class space    used 11905K, capacity 13349K, committed 25088K, reserved 1048576K
}
Event: 682.112 GC heap before
{Heap before GC invocations=86 (full 5):
 PSYoungGen      total 128512K, used 94568K [0x00000007b5580000, 0x00000007bff00000, 0x00000007c0000000)
  eden space 87552K, 100% used [0x00000007b5580000,0x00000007bab00000,0x00000007bab00000)
  from space 40960K, 17% used [0x00000007bd380000,0x00000007bda5a0b0,0x00000007bfb80000)
  to   space 41472K, 0% used [0x00000007bab00000,0x00000007bab00000,0x00000007bd380000)
 ParOldGen       total 349696K, used 109120K [0x00000007a0000000, 0x00000007b5580000, 0x00000007b5580000)
  object space 349696K, 31% used [0x00000007a0000000,0x00000007a6a903c8,0x00000007b5580000)
 Metaspace       used 86021K, capacity 93880K, committed 125248K, reserved 1148928K
  class space    used 11906K, capacity 13351K, committed 25088K, reserved 1048576K
Event: 682.211 GC heap after
Heap after GC invocations=86 (full 5):
 PSYoungGen      total 129024K, used 832K [0x00000007b5580000, 0x00000007c0000000, 0x00000007c0000000)
  eden space 87552K, 0% used [0x00000007b5580000,0x00000007b5580000,0x00000007bab00000)
  from space 41472K, 2% used [0x00000007bab00000,0x00000007babd0000,0x00000007bd380000)
  to   space 41984K, 0% used [0x00000007bd700000,0x00000007bd700000,0x00000007c0000000)
 ParOldGen       total 349696K, used 113947K [0x00000007a0000000, 0x00000007b5580000, 0x00000007b5580000)
  object space 349696K, 32% used [0x00000007a0000000,0x00000007a6f46f88,0x00000007b5580000)
 Metaspace       used 86021K, capacity 93880K, committed 125248K, reserved 1148928K
  class space    used 11906K, capacity 13351K, committed 25088K, reserved 1048576K
}
Event: 683.372 GC heap before
{Heap before GC invocations=87 (full 5):
 PSYoungGen      total 129024K, used 88384K [0x00000007b5580000, 0x00000007c0000000, 0x00000007c0000000)
  eden space 87552K, 100% used [0x00000007b5580000,0x00000007bab00000,0x00000007bab00000)
  from space 41472K, 2% used [0x00000007bab00000,0x00000007babd0000,0x00000007bd380000)
  to   space 41984K, 0% used [0x00000007bd700000,0x00000007bd700000,0x00000007c0000000)
 ParOldGen       total 349696K, used 113947K [0x00000007a0000000, 0x00000007b5580000, 0x00000007b5580000)
  object space 349696K, 32% used [0x00000007a0000000,0x00000007a6f46f88,0x00000007b5580000)
 Metaspace       used 90933K, capacity 98982K, committed 125248K, reserved 1148928K
  class space    used 12469K, capacity 13966K, committed 25088K, reserved 1048576K
Event: 683.378 GC heap after
Heap after GC invocations=87 (full 5):
 PSYoungGen      total 132608K, used 7183K [0x00000007b5580000, 0x00000007bff80000, 0x00000007c0000000)
  eden space 91136K, 0% used [0x00000007b5580000,0x00000007b5580000,0x00000007bae80000)
  from space 41472K, 17% used [0x00000007bd700000,0x00000007bde03f80,0x00000007bff80000)
  to   space 41472K, 0% used [0x00000007bae80000,0x00000007bae80000,0x00000007bd700000)
 ParOldGen       total 349696K, used 114599K [0x00000007a0000000, 0x00000007b5580000, 0x00000007b5580000)
  object space 349696K, 32% used [0x00000007a0000000,0x00000007a6fe9ff8,0x00000007b5580000)
 Metaspace       used 90933K, capacity 98982K, committed 125248K, reserved 1148928K
  class space    used 12469K, capacity 13966K, committed 25088K, reserved 1048576K
}

